********************************************************************************
* Unified simulation Tcl App stack trace dump
*
* File: .usf.tcl_error.log (Mon Apr 13 21:26:58 2020)
*
* This file is generated by the unified simulation automation and contains the
* tcl stack trace of error returned by the simulator App for the current run.
*
********************************************************************************
ERROR: [Common 17-161] Invalid option value '' specified for 'objects'.

    while executing
"rdi::set_property sim_mode behavioral {}"
    invoked from within
"set_property sim_mode "behavioral" $fs_obj"
    (procedure "xcs_set_simulation_flow" line 24)
    invoked from within
"xcs_set_simulation_flow $a_sim_vars(s_simset) $a_sim_vars(s_mode) $a_sim_vars(s_type) a_sim_vars(s_flow_dir_key) a_sim_vars(s_simulation_flow)"
    (procedure "usf_xsim_setup_simulation" line 10)
    invoked from within
"usf_xsim_setup_simulation"
    (procedure "tclapp::xilinx::xsim::setup" line 19)
    invoked from within
"tclapp::xilinx::xsim::setup { -simset DataPath and Data Memory -mode behavioral -run_dir {C:/Projects/RISC-V/DataMemory_DataPath/DataMemory_DataPath.s..."
