INFO: [VRFC 10-2263] Analyzing Verilog file "C:/Users/1anh2/OneDrive/Documents/RISC-V/RISC-V/DataMemory_DataPath/DataMemory_DataPath.srcs/sources_1/new/DataMem.v" into library xil_defaultlib
INFO: [VRFC 10-311] analyzing module DataMem
INFO: [VRFC 10-2263] Analyzing Verilog file "C:/Users/1anh2/OneDrive/Documents/RISC-V/RISC-V/RegFile_InstrMem/RegFile_InstrMem.srcs/sources_1/new/DataPath.v" into library xil_defaultlib
INFO: [VRFC 10-311] analyzing module DataPath
INFO: [VRFC 10-2263] Analyzing Verilog file "C:/Users/1anh2/OneDrive/Documents/RISC-V/RISC-V/RegFile_InstrMem/RegFile_InstrMem.srcs/sources_1/new/FlipFlop.v" into library xil_defaultlib
INFO: [VRFC 10-311] analyzing module FlipFlop
INFO: [VRFC 10-2263] Analyzing Verilog file "C:/Users/1anh2/OneDrive/Documents/RISC-V/RISC-V/RegFile_InstrMem/RegFile_InstrMem.srcs/sources_1/new/HalfAdder.v" into library xil_defaultlib
INFO: [VRFC 10-311] analyzing module HalfAdder
INFO: [VRFC 10-2263] Analyzing Verilog file "C:/Users/1anh2/OneDrive/Documents/RISC-V/RISC-V/RegFile_InstrMem/RegFile_InstrMem.srcs/sources_1/new/ImmGen.v" into library xil_defaultlib
INFO: [VRFC 10-311] analyzing module ImmGen
INFO: [VRFC 10-2263] Analyzing Verilog file "C:/Users/1anh2/OneDrive/Documents/RISC-V/RISC-V/RegFile_InstrMem/RegFile_InstrMem.srcs/sources_1/new/InstMem.v" into library xil_defaultlib
INFO: [VRFC 10-311] analyzing module InstMem
INFO: [VRFC 10-2263] Analyzing Verilog file "C:/Users/1anh2/OneDrive/Documents/RISC-V/RISC-V/RegFile_InstrMem/RegFile_InstrMem.srcs/sources_1/new/MUX21.v" into library xil_defaultlib
INFO: [VRFC 10-311] analyzing module MUX21
INFO: [VRFC 10-2263] Analyzing Verilog file "C:/Users/1anh2/OneDrive/Documents/RISC-V/RISC-V/RegFile_InstrMem/RegFile_InstrMem.srcs/sources_1/new/RegFile.v" into library xil_defaultlib
INFO: [VRFC 10-311] analyzing module RegFile
INFO: [VRFC 10-2263] Analyzing Verilog file "C:/Users/1anh2/OneDrive/Documents/RISC-V/RISC-V/DataMemory_DataPath/DataMemory_DataPath.srcs/sources_1/new/alu_32.v" into library xil_defaultlib
INFO: [VRFC 10-311] analyzing module alu_32
INFO: [VRFC 10-2458] undeclared symbol ALU_out, assumed default net type wire [C:/Users/1anh2/OneDrive/Documents/RISC-V/RISC-V/DataMemory_DataPath/DataMemory_DataPath.srcs/sources_1/new/alu_32.v:37]
INFO: [VRFC 10-2263] Analyzing Verilog file "C:/Users/1anh2/OneDrive/Documents/RISC-V/RISC-V/DataMemory_DataPath/DataMemory_DataPath.srcs/sim_1/new/dp_tb_top.v" into library xil_defaultlib
INFO: [VRFC 10-311] analyzing module dp_tb_top
